-- Downloading https://github.com/kcat/openal-soft/archive/1.23.1.tar.gz -> kcat-openal-soft-1.23.1.tar.gz...
-- Extracting source C:/Users/M.Simon/AppData/Local/vcpkg/downloads/kcat-openal-soft-1.23.1.tar.gz
-- Applying patch c12ada68951ea67a59bef7d4fcdf22334990c12a.patch
-- Using source at C:/Users/M.Simon/Desktop/Greg/Cmake/out/build/x64-debug/vcpkg_installed/vcpkg/blds/openal-soft/src/1.23.1-180897dbaa.clean
-- Found external ninja('1.11.0').
-- Configuring x64-windows
-- Building x64-windows-dbg
-- Building x64-windows-rel
-- Fixing pkgconfig file: C:/Users/M.Simon/Desktop/Greg/Cmake/out/build/x64-debug/vcpkg_installed/vcpkg/pkgs/openal-soft_x64-windows/lib/pkgconfig/openal.pc
-- Using cached msys2-mingw-w64-x86_64-pkgconf-1~2.1.0-1-any.pkg.tar.zst.
-- Using cached msys2-msys2-runtime-3.4.10-4-x86_64.pkg.tar.zst.
-- Using msys root at C:/Users/M.Simon/AppData/Local/vcpkg/downloads/tools/msys2/fdbea3694fb5c0d4
-- Fixing pkgconfig file: C:/Users/M.Simon/Desktop/Greg/Cmake/out/build/x64-debug/vcpkg_installed/vcpkg/pkgs/openal-soft_x64-windows/debug/lib/pkgconfig/openal.pc
-- Installing: C:/Users/M.Simon/Desktop/Greg/Cmake/out/build/x64-debug/vcpkg_installed/vcpkg/pkgs/openal-soft_x64-windows/share/openal-soft/copyright
CMake Warning at scripts/cmake/vcpkg_copy_pdbs.cmake:44 (message):
  Could not find a matching pdb file for:

      C:/Users/M.Simon/Desktop/Greg/Cmake/out/build/x64-debug/vcpkg_installed/vcpkg/pkgs/openal-soft_x64-windows/bin/OpenAL32.dll
      C:/Users/M.Simon/Desktop/Greg/Cmake/out/build/x64-debug/vcpkg_installed/vcpkg/pkgs/openal-soft_x64-windows/debug/bin/OpenAL32.dll

Call Stack (most recent call first):
  C:/Users/M.Simon/AppData/Local/vcpkg/registries/git-trees/d23d6573247830bd439e418fe0e31321de778d85/portfile.cmake:108 (vcpkg_copy_pdbs)
  scripts/ports.cmake:175 (include)


-- Exécution de la validation post-build
