Change Dir: 'C:/Users/M.Simon/Desktop/Greg/Cmake/out/build/x64-debug/vcpkg_installed/vcpkg/blds/imgui/x64-windows-rel'

Run Build Command(s): "C:/Program Files/Microsoft Visual Studio/2022/Community/Common7/IDE/CommonExtensions/Microsoft/CMake/Ninja/ninja.exe" -v -v -j13 install
[1/8] C:\PROGRA~1\MICROS~1\2022\COMMUN~1\VC\Tools\MSVC\1440~1.338\bin\Hostx64\x64\cl.exe   /TP  -IC:\Users\M.Simon\Desktop\Greg\Cmake\out\build\x64-debug\vcpkg_installed\vcpkg\blds\imgui\src\v1.90.2-4442117b09.clean /nologo /DWIN32 /D_WINDOWS /W3 /utf-8 /GR /EHsc /MP  /MD /O2 /Oi /Gy /DNDEBUG /Z7  -MD /showIncludes /FoCMakeFiles\imgui.dir\misc\cpp\imgui_stdlib.cpp.obj /FdCMakeFiles\imgui.dir\imgui.pdb /FS -c C:\Users\M.Simon\Desktop\Greg\Cmake\out\build\x64-debug\vcpkg_installed\vcpkg\blds\imgui\src\v1.90.2-4442117b09.clean\misc\cpp\imgui_stdlib.cpp
[2/8] C:\PROGRA~1\MICROS~1\2022\COMMUN~1\VC\Tools\MSVC\1440~1.338\bin\Hostx64\x64\cl.exe   /TP  -IC:\Users\M.Simon\Desktop\Greg\Cmake\out\build\x64-debug\vcpkg_installed\vcpkg\blds\imgui\src\v1.90.2-4442117b09.clean /nologo /DWIN32 /D_WINDOWS /W3 /utf-8 /GR /EHsc /MP  /MD /O2 /Oi /Gy /DNDEBUG /Z7  -MD /showIncludes /FoCMakeFiles\imgui.dir\imgui_tables.cpp.obj /FdCMakeFiles\imgui.dir\imgui.pdb /FS -c C:\Users\M.Simon\Desktop\Greg\Cmake\out\build\x64-debug\vcpkg_installed\vcpkg\blds\imgui\src\v1.90.2-4442117b09.clean\imgui_tables.cpp
[3/8] C:\PROGRA~1\MICROS~1\2022\COMMUN~1\VC\Tools\MSVC\1440~1.338\bin\Hostx64\x64\cl.exe   /TP  -IC:\Users\M.Simon\Desktop\Greg\Cmake\out\build\x64-debug\vcpkg_installed\vcpkg\blds\imgui\src\v1.90.2-4442117b09.clean /nologo /DWIN32 /D_WINDOWS /W3 /utf-8 /GR /EHsc /MP  /MD /O2 /Oi /Gy /DNDEBUG /Z7  -MD /showIncludes /FoCMakeFiles\imgui.dir\imgui_draw.cpp.obj /FdCMakeFiles\imgui.dir\imgui.pdb /FS -c C:\Users\M.Simon\Desktop\Greg\Cmake\out\build\x64-debug\vcpkg_installed\vcpkg\blds\imgui\src\v1.90.2-4442117b09.clean\imgui_draw.cpp
[4/8] C:\PROGRA~1\MICROS~1\2022\COMMUN~1\VC\Tools\MSVC\1440~1.338\bin\Hostx64\x64\cl.exe   /TP  -IC:\Users\M.Simon\Desktop\Greg\Cmake\out\build\x64-debug\vcpkg_installed\vcpkg\blds\imgui\src\v1.90.2-4442117b09.clean /nologo /DWIN32 /D_WINDOWS /W3 /utf-8 /GR /EHsc /MP  /MD /O2 /Oi /Gy /DNDEBUG /Z7  -MD /showIncludes /FoCMakeFiles\imgui.dir\imgui_widgets.cpp.obj /FdCMakeFiles\imgui.dir\imgui.pdb /FS -c C:\Users\M.Simon\Desktop\Greg\Cmake\out\build\x64-debug\vcpkg_installed\vcpkg\blds\imgui\src\v1.90.2-4442117b09.clean\imgui_widgets.cpp
[5/8] C:\PROGRA~1\MICROS~1\2022\COMMUN~1\VC\Tools\MSVC\1440~1.338\bin\Hostx64\x64\cl.exe   /TP  -IC:\Users\M.Simon\Desktop\Greg\Cmake\out\build\x64-debug\vcpkg_installed\vcpkg\blds\imgui\src\v1.90.2-4442117b09.clean /nologo /DWIN32 /D_WINDOWS /W3 /utf-8 /GR /EHsc /MP  /MD /O2 /Oi /Gy /DNDEBUG /Z7  -MD /showIncludes /FoCMakeFiles\imgui.dir\imgui.cpp.obj /FdCMakeFiles\imgui.dir\imgui.pdb /FS -c C:\Users\M.Simon\Desktop\Greg\Cmake\out\build\x64-debug\vcpkg_installed\vcpkg\blds\imgui\src\v1.90.2-4442117b09.clean\imgui.cpp
[6/8] C:\PROGRA~1\MICROS~1\2022\COMMUN~1\VC\Tools\MSVC\1440~1.338\bin\Hostx64\x64\cl.exe   /TP  -IC:\Users\M.Simon\Desktop\Greg\Cmake\out\build\x64-debug\vcpkg_installed\vcpkg\blds\imgui\src\v1.90.2-4442117b09.clean /nologo /DWIN32 /D_WINDOWS /W3 /utf-8 /GR /EHsc /MP  /MD /O2 /Oi /Gy /DNDEBUG /Z7  -MD /showIncludes /FoCMakeFiles\imgui.dir\imgui_demo.cpp.obj /FdCMakeFiles\imgui.dir\imgui.pdb /FS -c C:\Users\M.Simon\Desktop\Greg\Cmake\out\build\x64-debug\vcpkg_installed\vcpkg\blds\imgui\src\v1.90.2-4442117b09.clean\imgui_demo.cpp
[7/8] C:\WINDOWS\system32\cmd.exe /C "cd . && C:\PROGRA~1\MICROS~1\2022\COMMUN~1\VC\Tools\MSVC\1440~1.338\bin\Hostx64\x64\lib.exe  /machine:x64 /nologo /out:imgui.lib CMakeFiles\imgui.dir\imgui.cpp.obj CMakeFiles\imgui.dir\imgui_demo.cpp.obj CMakeFiles\imgui.dir\imgui_draw.cpp.obj CMakeFiles\imgui.dir\imgui_tables.cpp.obj CMakeFiles\imgui.dir\imgui_widgets-- Install configuration: "Release"
-- Installing: C:/Users/M.Simon/Desktop/Greg/Cmake/out/build/x64-debug/vcpkg_installed/vcpkg/pkgs/imgui_x64-windows/lib/imgui.lib
-- Installing: C:/Users/M.Simon/Desktop/Greg/Cmake/out/build/x64-debug/vcpkg_installed/vcpkg/pkgs/imgui_x64-windows/include/imgui.h
-- Installing: C:/Users/M.Simon/Desktop/Greg/Cmake/out/build/x64-debug/vcpkg_installed/vcpkg/pkgs/imgui_x64-windows/include/imconfig.h
-- Installing: C:/Users/M.Simon/Desktop/Greg/Cmake/out/build/x64-debug/vcpkg_installed/vcpkg/pkgs/imgui_x64-windows/include/imgui_internal.h
-- Installing: C:/Users/M.Simon/Desktop/Greg/Cmake/out/build/x64-debug/vcpkg_installed/vcpkg/pkgs/imgui_x64-windows/include/imstb_textedit.h
-- Installing: C:/Users/M.Simon/Desktop/Greg/Cmake/out/build/x64-debug/vcpkg_installed/vcpkg/pkgs/imgui_x64-windows/include/imstb_rectpack.h
-- Installing: C:/Users/M.Simon/Desktop/Greg/Cmake/out/build/x64-debug/vcpkg_installed/vcpkg/pkgs/imgui_x64-windows/include/imstb_truetype.h
-- Installing: C:/Users/M.Simon/Desktop/Greg/Cmake/out/build/x64-debug/vcpkg_installed/vcpkg/pkgs/imgui_x64-windows/include/imgui_stdlib.h
-- Installing: C:/Users/M.Simon/Desktop/Greg/Cmake/out/build/x64-debug/vcpkg_installed/vcpkg/pkgs/imgui_x64-windows/share/imgui/imgui-config.cmake
-- Installing: C:/Users/M.Simon/Desktop/Greg/Cmake/out/build/x64-debug/vcpkg_installed/vcpkg/pkgs/imgui_x64-windows/share/imgui/imgui-targets.cmake
-- Installing: C:/Users/M.Simon/Desktop/Greg/Cmake/out/build/x64-debug/vcpkg_installed/vcpkg/pkgs/imgui_x64-windows/share/imgui/imgui-targets-release.cmake
.cpp.obj CMakeFiles\imgui.dir\misc\cpp\imgui_stdlib.cpp.obj  && cd ."
[7/8] C:\WINDOWS\system32\cmd.exe /C "cd /D C:\Users\M.Simon\Desktop\Greg\Cmake\out\build\x64-debug\vcpkg_installed\vcpkg\blds\imgui\x64-windows-rel && "C:\Program Files\Microsoft Visual Studio\2022\Community\Common7\IDE\CommonExtensions\Microsoft\CMake\CMake\bin\cmake.exe" -P cmake_install.cmake"

