-- Downloading https://github.com/SFML/SFML/archive/2.6.1.tar.gz -> SFML-SFML-2.6.1.tar.gz...
-- Extracting source C:/Users/M.Simon/AppData/Local/vcpkg/downloads/SFML-SFML-2.6.1.tar.gz
-- Applying patch fix-dependencies.patch
-- Using source at C:/Users/M.Simon/Desktop/Greg/Cmake/out/build/x64-debug/vcpkg_installed/vcpkg/blds/sfml/src/2.6.1-f39277683b.clean
-- Found external ninja('1.11.0').
-- Configuring x64-windows
CMake Warning at C:/Users/M.Simon/Desktop/Greg/Cmake/out/build/x64-debug/vcpkg_installed/x64-windows/share/vcpkg-cmake/vcpkg_cmake_configure.cmake:318 (message):
  The following variables are not used in CMakeLists.txt:

      SFML_MISC_INSTALL_PREFIX
      SFML_WARNINGS_AS_ERRORS

  Please recheck them and remove the unnecessary options from the
  `vcpkg_cmake_configure` call.

  If these options should still be passed for whatever reason, please use the
  `MAYBE_UNUSED_VARIABLES` argument.
Call Stack (most recent call first):
  C:/Users/M.Simon/AppData/Local/vcpkg/registries/git-trees/3cf9cce0cc82c37f5a37c1c97d05c7fcb4609486/portfile.cmake:17 (vcpkg_cmake_configure)
  scripts/ports.cmake:175 (include)


-- Building x64-windows-dbg
-- Building x64-windows-rel
CMake Warning at scripts/cmake/vcpkg_copy_pdbs.cmake:44 (message):
  Could not find a matching pdb file for:

      C:/Users/M.Simon/Desktop/Greg/Cmake/out/build/x64-debug/vcpkg_installed/vcpkg/pkgs/sfml_x64-windows/bin/sfml-audio-2.dll
      C:/Users/M.Simon/Desktop/Greg/Cmake/out/build/x64-debug/vcpkg_installed/vcpkg/pkgs/sfml_x64-windows/bin/sfml-graphics-2.dll
      C:/Users/M.Simon/Desktop/Greg/Cmake/out/build/x64-debug/vcpkg_installed/vcpkg/pkgs/sfml_x64-windows/bin/sfml-network-2.dll
      C:/Users/M.Simon/Desktop/Greg/Cmake/out/build/x64-debug/vcpkg_installed/vcpkg/pkgs/sfml_x64-windows/bin/sfml-system-2.dll
      C:/Users/M.Simon/Desktop/Greg/Cmake/out/build/x64-debug/vcpkg_installed/vcpkg/pkgs/sfml_x64-windows/bin/sfml-window-2.dll
      C:/Users/M.Simon/Desktop/Greg/Cmake/out/build/x64-debug/vcpkg_installed/vcpkg/pkgs/sfml_x64-windows/debug/bin/sfml-audio-d-2.dll
      C:/Users/M.Simon/Desktop/Greg/Cmake/out/build/x64-debug/vcpkg_installed/vcpkg/pkgs/sfml_x64-windows/debug/bin/sfml-graphics-d-2.dll
      C:/Users/M.Simon/Desktop/Greg/Cmake/out/build/x64-debug/vcpkg_installed/vcpkg/pkgs/sfml_x64-windows/debug/bin/sfml-network-d-2.dll
      C:/Users/M.Simon/Desktop/Greg/Cmake/out/build/x64-debug/vcpkg_installed/vcpkg/pkgs/sfml_x64-windows/debug/bin/sfml-system-d-2.dll
      C:/Users/M.Simon/Desktop/Greg/Cmake/out/build/x64-debug/vcpkg_installed/vcpkg/pkgs/sfml_x64-windows/debug/bin/sfml-window-d-2.dll

Call Stack (most recent call first):
  C:/Users/M.Simon/AppData/Local/vcpkg/registries/git-trees/3cf9cce0cc82c37f5a37c1c97d05c7fcb4609486/portfile.cmake:29 (vcpkg_copy_pdbs)
  scripts/ports.cmake:175 (include)


-- Using cached msys2-mingw-w64-x86_64-pkgconf-1~2.1.0-1-any.pkg.tar.zst.
-- Using cached msys2-msys2-runtime-3.4.10-4-x86_64.pkg.tar.zst.
-- Using msys root at C:/Users/M.Simon/AppData/Local/vcpkg/downloads/tools/msys2/fdbea3694fb5c0d4
-- Installing: C:/Users/M.Simon/Desktop/Greg/Cmake/out/build/x64-debug/vcpkg_installed/vcpkg/pkgs/sfml_x64-windows/share/sfml/copyright
-- Exécution de la validation post-build
