-- Downloading https://sourceware.org/pub/bzip2/bzip2-1.0.8.tar.gz -> bzip2-1.0.8.tar.gz...
-- Extracting source C:/Users/M.Simon/AppData/Local/vcpkg/downloads/bzip2-1.0.8.tar.gz
-- Applying patch fix-import-export-macros.patch
-- Using source at C:/Users/M.Simon/Desktop/Greg/Cmake/out/build/x64-debug/vcpkg_installed/vcpkg/blds/bzip2/src/bzip2-1-336d4794a3.clean
-- Found external ninja('1.11.0').
-- Configuring x64-windows
-- Building x64-windows-dbg
-- Building x64-windows-rel
CMake Warning at scripts/cmake/vcpkg_copy_pdbs.cmake:44 (message):
  Could not find a matching pdb file for:

      C:/Users/M.Simon/Desktop/Greg/Cmake/out/build/x64-debug/vcpkg_installed/vcpkg/pkgs/bzip2_x64-windows/bin/bz2.dll
      C:/Users/M.Simon/Desktop/Greg/Cmake/out/build/x64-debug/vcpkg_installed/vcpkg/pkgs/bzip2_x64-windows/debug/bin/bz2d.dll

Call Stack (most recent call first):
  C:/Users/M.Simon/AppData/Local/vcpkg/registries/git-trees/92e9a8bbf1abbd89872b48ad82fcf75852de1006/portfile.cmake:31 (vcpkg_copy_pdbs)
  scripts/ports.cmake:175 (include)


-- Fixing pkgconfig file: C:/Users/M.Simon/Desktop/Greg/Cmake/out/build/x64-debug/vcpkg_installed/vcpkg/pkgs/bzip2_x64-windows/lib/pkgconfig/bzip2.pc
-- Using cached msys2-mingw-w64-x86_64-pkgconf-1~2.1.0-1-any.pkg.tar.zst.
-- Using cached msys2-msys2-runtime-3.4.10-4-x86_64.pkg.tar.zst.
-- Using msys root at C:/Users/M.Simon/AppData/Local/vcpkg/downloads/tools/msys2/fdbea3694fb5c0d4
-- Fixing pkgconfig file: C:/Users/M.Simon/Desktop/Greg/Cmake/out/build/x64-debug/vcpkg_installed/vcpkg/pkgs/bzip2_x64-windows/debug/lib/pkgconfig/bzip2.pc
-- Installing: C:/Users/M.Simon/Desktop/Greg/Cmake/out/build/x64-debug/vcpkg_installed/vcpkg/pkgs/bzip2_x64-windows/share/bzip2/copyright
-- Exécution de la validation post-build
