-- Downloading https://github.com/google/brotli/archive/v1.1.0.tar.gz -> google-brotli-v1.1.0.tar.gz...
-- Extracting source C:/Users/M.Simon/AppData/Local/vcpkg/downloads/google-brotli-v1.1.0.tar.gz
-- Applying patch install.patch
-- Applying patch fix-arm-uwp.patch
-- Applying patch pkgconfig.patch
-- Applying patch emscripten.patch
-- Using source at C:/Users/M.Simon/Desktop/Greg/Cmake/out/build/x64-debug/vcpkg_installed/vcpkg/blds/brotli/src/v1.1.0-958bece74c.clean
-- Found external ninja('1.11.0').
-- Configuring x64-windows
-- Building x64-windows-dbg
-- Building x64-windows-rel
CMake Warning at scripts/cmake/vcpkg_copy_pdbs.cmake:44 (message):
  Could not find a matching pdb file for:

      C:/Users/M.Simon/Desktop/Greg/Cmake/out/build/x64-debug/vcpkg_installed/vcpkg/pkgs/brotli_x64-windows/bin/brotlicommon.dll
      C:/Users/M.Simon/Desktop/Greg/Cmake/out/build/x64-debug/vcpkg_installed/vcpkg/pkgs/brotli_x64-windows/bin/brotlidec.dll
      C:/Users/M.Simon/Desktop/Greg/Cmake/out/build/x64-debug/vcpkg_installed/vcpkg/pkgs/brotli_x64-windows/bin/brotlienc.dll
      C:/Users/M.Simon/Desktop/Greg/Cmake/out/build/x64-debug/vcpkg_installed/vcpkg/pkgs/brotli_x64-windows/debug/bin/brotlicommon.dll
      C:/Users/M.Simon/Desktop/Greg/Cmake/out/build/x64-debug/vcpkg_installed/vcpkg/pkgs/brotli_x64-windows/debug/bin/brotlidec.dll
      C:/Users/M.Simon/Desktop/Greg/Cmake/out/build/x64-debug/vcpkg_installed/vcpkg/pkgs/brotli_x64-windows/debug/bin/brotlienc.dll

Call Stack (most recent call first):
  C:/Users/M.Simon/AppData/Local/vcpkg/registries/git-trees/4e5b5ae1ad26c80535c893cc0307121f0398549e/portfile.cmake:20 (vcpkg_copy_pdbs)
  scripts/ports.cmake:175 (include)


-- Fixing pkgconfig file: C:/Users/M.Simon/Desktop/Greg/Cmake/out/build/x64-debug/vcpkg_installed/vcpkg/pkgs/brotli_x64-windows/lib/pkgconfig/libbrotlicommon.pc
-- Fixing pkgconfig file: C:/Users/M.Simon/Desktop/Greg/Cmake/out/build/x64-debug/vcpkg_installed/vcpkg/pkgs/brotli_x64-windows/lib/pkgconfig/libbrotlidec.pc
-- Fixing pkgconfig file: C:/Users/M.Simon/Desktop/Greg/Cmake/out/build/x64-debug/vcpkg_installed/vcpkg/pkgs/brotli_x64-windows/lib/pkgconfig/libbrotlienc.pc
-- Using cached msys2-mingw-w64-x86_64-pkgconf-1~2.1.0-1-any.pkg.tar.zst.
-- Using cached msys2-msys2-runtime-3.4.10-4-x86_64.pkg.tar.zst.
-- Using msys root at C:/Users/M.Simon/AppData/Local/vcpkg/downloads/tools/msys2/fdbea3694fb5c0d4
-- Fixing pkgconfig file: C:/Users/M.Simon/Desktop/Greg/Cmake/out/build/x64-debug/vcpkg_installed/vcpkg/pkgs/brotli_x64-windows/debug/lib/pkgconfig/libbrotlicommon.pc
-- Fixing pkgconfig file: C:/Users/M.Simon/Desktop/Greg/Cmake/out/build/x64-debug/vcpkg_installed/vcpkg/pkgs/brotli_x64-windows/debug/lib/pkgconfig/libbrotlidec.pc
-- Fixing pkgconfig file: C:/Users/M.Simon/Desktop/Greg/Cmake/out/build/x64-debug/vcpkg_installed/vcpkg/pkgs/brotli_x64-windows/debug/lib/pkgconfig/libbrotlienc.pc
-- Installing: C:/Users/M.Simon/Desktop/Greg/Cmake/out/build/x64-debug/vcpkg_installed/vcpkg/pkgs/brotli_x64-windows/share/brotli/usage
-- Installing: C:/Users/M.Simon/Desktop/Greg/Cmake/out/build/x64-debug/vcpkg_installed/vcpkg/pkgs/brotli_x64-windows/share/brotli/copyright
-- Exécution de la validation post-build
